c[?7l[2J[0mSeaBIOS (version rel-1.17.0-0-gb52ca86e094d-prebuilt.qemu.org)


iPXE (http://ipxe.org) 00:03.0 CA00 PCI2.10 PnP PMM+3EFD1C90+3EF31C90 CA00
Press Ctrl-B to configure iPXE (PCI 00:03.0)...                                                                               


Booting from ROM...
c[?7l[2J/bin/feedback_groom_write
exit
Saving 256 bits of non-creditable seed for next boot
Starting syslogd: OK
Starting klogd: OK
Running sysctl: OK
Starting network: OK
Starting crond: OK

-----------------------------

Welcome to Student Feedback
-----------------------------

~ $ /bin/feedback_groom_write
[*] Running groom-and-write test...
[-] groom create failed: Not a tty
[-] groom create failed: Not a tty
[-] groom create failed: Not a tty
[-] groom create failed: Not a tty
[-] groom create failed: Not a tty
[-] groom create failed: Not a tty
[-] groom create failed: Not a tty
[-] groom create failed: Not a tty
[-] groom create failed: Not a tty
[-] groom create failed: Not a tty
[-] groom create failed: Not a tty
[-] groom create failed: Not a tty
[-] groom create failed: Not a tty
[-] groom create failed: Not a tty
[-] groom create failed: Not a tty
[-] groom create failed: Not a tty
[-] groom create failed: Not a tty
[-] groom create failed: Not a tty
[-] groom create failed: Not a tty
[-] groom create failed: Not a tty
[-] groom create failed: Not a tty
[-] groom create failed: Not a tty
[-] groom create failed: Not a tty
[-] groom create failed: Not a tty
[-] groom create failed: Not a tty
[-] groom create failed: Not a tty
[-] groom create failed: Not a tty
[-] groom create failed: Not a tty
[-] groom create failed: Not a tty
[-] groom create failed: Not a tty
[-] groom create failed: Not a tty
[-] groom create failed: Not a tty
[-] attacker create failed: Not a tty
[*] Test complete.
~ $ exit
[    4.886268] reboot: Power down
