c[?7l[2J[0mSeaBIOS (version rel-1.17.0-0-gb52ca86e094d-prebuilt.qemu.org)


iPXE (http://ipxe.org) 00:03.0 CA00 PCI2.10 PnP PMM+3EFD1C90+3EF31C90 CA00
Press Ctrl-B to configure iPXE (PCI 00:03.0)...                                                                               


Booting from ROM...
c[?7l[2JSaving 256 bits of non-creditable seed for next boot
Starting syslogd: OK
Starting klogd: OK
Running sysctl: OK
Starting network: OK
Starting crond: OK

-----------------------------

Welcome to Student Feedback
-----------------------------

~ $ grep modprobe_path /proc/kallsyms
0000000000000000 T modprobe_path
~ $ head -n 5 /proc/kallsyms
0000000000000000 T srso_alias_untrain_ret
0000000000000000 T _stext
0000000000000000 T _text
0000000000000000 T __pi__text
0000000000000000 T __entry_text_start
~ $ exit
[    7.680957] reboot: Power down
