c[?7l[2J[0mSeaBIOS (version rel-1.17.0-0-gb52ca86e094d-prebuilt.qemu.org)


iPXE (http://ipxe.org) 00:03.0 CA00 PCI2.10 PnP PMM+3EFD1C90+3EF31C90 CA00
Press Ctrl-B to configure iPXE (PCI 00:03.0)...                                                                               


Booting from ROM...
c[?7l[2J/bin/feedback_mixedprobe
/bin/feedback_meta_classify
exit
Saving 256 bits of non-creditable seed for next boot
Starting syslogd: OK
Starting klogd: OK
Running sysctl: OK
Starting network: OK
Starting crond: OK

-----------------------------

Welcome to Student Feedback
-----------------------------

~ $ /bin/feedback_mixedprobe
[+] phase1: create 0x40 targets
[+] phase2: punch patterned holes in 0x40 set
[+] phase3: spam 0x30 objects to perturb neighboring slab activity
[+] phase4: refill freed 0x40 slots with aggressive overflow bytes
[+] phase5: inspect 0x40 object health (meta/data)
DATA id=8388615 exp=0x47 got=0x5a
[+] summary live=109 bad_meta=0 bad_data=1
[+] cleanup
~ $ /bin/feedback_meta_classify
[+] classify broken IDs
[+] broken=0 eno22=0 eno14=0 eno2=0 del_fail=0
~ $ exit
[    3.574032] reboot: Power down
