c[?7l[2J[0mSeaBIOS (version rel-1.17.0-0-gb52ca86e094d-prebuilt.qemu.org)


iPXE (http://ipxe.org) 00:03.0 CA00 PCI2.10 PnP PMM+3EFD1C90+3EF31C90 CA00
Press Ctrl-B to configure iPXE (PCI 00:03.0)...                                                                               


Booting from ROM..c[?7l[2JSaving 256 bits of non-creditable seed for next boot
Starting syslogd: OK
Starting klogd: OK
Running sysctl: OK
Starting network: OK
Starting crond: OK

-----------------------------

Welcome to Student Feedback
-----------------------------

~ $ /bin/feedback_scout
[+] stage1: create baseline objects (size 0x40)
[+] stage2: free every second object to populate freelist
[+] stage3: probe overflow bytes and watch live object mutation
    id=20487 expect=0x37 got=0x41
    id=20503 expect=0x47 got=0x41
[!] byte=0x00 mutated=2
    id=20487 expect=0x37 got=0x41
    id=20503 expect=0x47 got=0x41
[!] byte=0x01 mutated=2
    id=20487 expect=0x37 got=0x41
    id=20503 expect=0x47 got=0x41
[!] byte=0x02 mutated=2
    id=20487 expect=0x37 got=0x41
    id=20503 expect=0x47 got=0x41
[!] byte=0x03 mutated=2
    id=20487 expect=0x37 got=0x41
    id=20503 expect=0x47 got=0x41
[!] byte=0x04 mutated=2
    id=20487 expect=0x37 got=0x41
    id=20503 expect=0x47 got=0x41
[!] byte=0x05 mutated=2
    id=20487 expect=0x37 got=0x41
    id=20503 expect=0x47 got=0x41
[!] byte=0x06 mutated=2
    id=20487 expect=0x37 got=0x41
    id=20503 expect=0x47 got=0x41
[!] byte=0x07 mutated=2
    id=20487 expect=0x37 got=0x41
    id=20503 expect=0x47 got=0x41
[!] byte=0x08 mutated=2
    id=20487 expect=0x37 got=0x41
    id=20503 expect=0x47 got=0x41
[!] byte=0x09 mutated=2
    id=20487 expect=0x37 got=0x41
    id=20503 expect=0x47 got=0x41
[!] byte=0x0a mutated=2
    id=20487 expect=0x37 got=0x41
    id=20503 expect=0x47 got=0x41
[!] byte=0x0b mutated=2
    id=20487 expect=0x37 got=0x41
    id=20503 expect=0x47 got=0x41
[!] byte=0x0c mutated=2
    id=20487 expect=0x37 got=0x41
    id=20503 expect=0x47 got=0x41
[!] byte=0x0d mutated=2
    id=20487 expect=0x37 got=0x41
    id=20503 expect=0x47 got=0x41
[!] byte=0x0e mutated=2
    id=20487 expect=0x37 got=0x41
    id=20503 expect=0x47 got=0x41
[!] byte=0x0f mutated=2
    id=20487 expect=0x37 got=0x41
    id=20503 expect=0x47 got=0x41
[!] byte=0x10 mutated=2
    id=20487 expect=0x37 got=0x41
    id=20503 expect=0x47 got=0x41
[!] byte=0x11 mutated=2
    id=20487 expect=0x37 got=0x41
    id=20503 expect=0x47 got=0x41
[!] byte=0x12 mutated=2
    id=20487 expect=0x37 got=0x41
    id=20503 expect=0x47 got=0x41
[!] byte=0x13 mutated=2
    id=20487 expect=0x37 got=0x41
    id=20503 expect=0x47 got=0x41
[!] byte=0x14 mutated=2
    id=20487 expect=0x37 got=0x41
    id=20503 expect=0x47 got=0x41
[!] byte=0x15 mutated=2
    id=20487 expect=0x37 got=0x41
    id=20503 expect=0x47 got=0x41
[!] byte=0x16 mutated=2
    id=20487 expect=0x37 got=0x41
    id=20503 expect=0x47 got=0x41
[!] byte=0x17 mutated=2
    id=20487 expect=0x37 got=0x41
    id=20503 expect=0x47 got=0x41
[!] byte=0x18 mutated=2
    id=20487 expect=0x37 got=0x41
    id=20503 expect=0x47 got=0x41
[!] byte=0x19 mutated=2
    id=20487 expect=0x37 got=0x41
    id=20503 expect=0x47 got=0x41
[!] byte=0x1a mutated=2
    id=20487 expect=0x37 got=0x41
    id=20503 expect=0x47 got=0x41
[!] byte=0x1b mutated=2
    id=20487 expect=0x37 got=0x41
    id=20503 expect=0x47 got=0x41
[!] byte=0x1c mutated=2
    id=20487 expect=0x37 got=0x41
    id=20503 expect=0x47 got=0x41
[!] byte=0x1d mutated=2
    id=20487 expect=0x37 got=0x41
    id=20503 expect=0x47 got=0x41
[!] byte=0x1e mutated=2
    id=20487 expect=0x37 got=0x41
    id=20503 expect=0x47 got=0x41
[!] byte=0x1f mutated=2
    id=20487 expect=0x37 got=0x41
    id=20503 expect=0x47 got=0x41
[!] byte=0x20 mutated=2
    id=20487 expect=0x37 got=0x41
    id=20503 expect=0x47 got=0x41
[!] byte=0x21 mutated=2
    id=20487 expect=0x37 got=0x41
    id=20503 expect=0x47 got=0x41
[!] byte=0x22 mutated=2
    id=20487 expect=0x37 got=0x41
    id=20503 expect=0x47 got=0x41
[!] byte=0x23 mutated=2
    id=20487 expect=0x37 got=0x41
    id=20503 expect=0x47 got=0x41
[!] byte=0x24 mutated=2
    id=20487 expect=0x37 got=0x41
    id=20503 expect=0x47 got=0x41
[!] byte=0x25 mutated=2
    id=20487 expect=0x37 got=0x41
    id=20503 expect=0x47 got=0x41
[!] byte=0x26 mutated=2
    id=20487 expect=0x37 got=0x41
    id=20503 expect=0x47 got=0x41
[!] byte=0x27 mutated=2
    id=20487 expect=0x37 got=0x41
    id=20503 expect=0x47 got=0x41
[!] byte=0x28 mutated=2
    id=20487 expect=0x37 got=0x41
    id=20503 expect=0x47 got=0x41
[!] byte=0x29 mutated=2
    id=20487 expect=0x37 got=0x41
    id=20503 expect=0x47 got=0x41
[!] byte=0x2a mutated=2
    id=20487 expect=0x37 got=0x41
    id=20503 expect=0x47 got=0x41
[!] byte=0x2b mutated=2
    id=20487 expect=0x37 got=0x41
    id=20503 expect=0x47 got=0x41
[!] byte=0x2c mutated=2
    id=20487 expect=0x37 got=0x41
    id=20503 expect=0x47 got=0x41
[!] byte=0x2d mutated=2
    id=20487 expect=0x37 got=0x41
    id=20503 expect=0x47 got=0x41
[!] byte=0x2e mutated=2
    id=20487 expect=0x37 got=0x41
    id=20503 expect=0x47 got=0x41
[!] byte=0x2f mutated=2
    id=20487 expect=0x37 got=0x41
    id=20503 expect=0x47 got=0x41
[!] byte=0x30 mutated=2
    id=20487 expect=0x37 got=0x41
    id=20503 expect=0x47 got=0x41
[!] byte=0x31 mutated=2
    id=20487 expect=0x37 got=0x41
    id=20503 expect=0x47 got=0x41
[!] byte=0x32 mutated=2
    id=20487 expect=0x37 got=0x41
    id=20503 expect=0x47 got=0x41
[!] byte=0x33 mutated=2
    id=20487 expect=0x37 got=0x41
    id=20503 expect=0x47 got=0x41
[!] byte=0x34 mutated=2
    id=20487 expect=0x37 got=0x41
    id=20503 expect=0x47 got=0x41
[!] byte=0x35 mutated=2
    id=20487 expect=0x37 got=0x41
    id=20503 expect=0x47 got=0x41
[!] byte=0x36 mutated=2
    id=20487 expect=0x37 got=0x41
    id=20503 expect=0x47 got=0x41
[!] byte=0x37 mutated=2
    id=20487 expect=0x37 got=0x41
    id=20503 expect=0x47 got=0x41
[!] byte=0x38 mutated=2
    id=20487 expect=0x37 got=0x41
    id=20503 expect=0x47 got=0x41
[!] byte=0x39 mutated=2
    id=20487 expect=0x37 got=0x41
    id=20503 expect=0x47 got=0x41
[!] byte=0x3a mutated=2
    id=20487 expect=0x37 got=0x41
    id=20503 expect=0x47 got=0x41
[!] byte=0x3b mutated=2
    id=20487 expect=0x37 got=0x41
    id=20503 expect=0x47 got=0x41
[!] byte=0x3c mutated=2
    id=20487 expect=0x37 got=0x41
    id=20503 expect=0x47 got=0x41
[!] byte=0x3d mutated=2
    id=20487 expect=0x37 got=0x41
    id=20503 expect=0x47 got=0x41
[!] byte=0x3e mutated=2
    id=20487 expect=0x37 got=0x41
    id=20503 expect=0x47 got=0x41
[!] byte=0x3f mutated=2
    id=20487 expect=0x37 got=0x41
    id=20503 expect=0x47 got=0x41
[!] byte=0x40 mutated=2
    id=20487 expect=0x37 got=0x41
    id=20503 expect=0x47 got=0x41
[!] byte=0x41 mutated=2
    id=20487 expect=0x37 got=0x41
    id=20503 expect=0x47 got=0x41
[!] byte=0x42 mutated=2
    id=20487 expect=0x37 got=0x41
    id=20503 expect=0x47 got=0x41
[!] byte=0x43 mutated=2
    id=20487 expect=0x37 got=0x41
    id=20503 expect=0x47 got=0x41
[!] byte=0x44 mutated=2
    id=20487 expect=0x37 got=0x41
    id=20503 expect=0x47 got=0x41
[!] byte=0x45 mutated=2
    id=20487 expect=0x37 got=0x41
    id=20503 expect=0x47 got=0x41
[!] byte=0x46 mutated=2
    id=20487 expect=0x37 got=0x41
    id=20503 expect=0x47 got=0x41
[!] byte=0x47 mutated=2
    id=20487 expect=0x37 got=0x41
    id=20503 expect=0x47 got=0x41
[!] byte=0x48 mutated=2
    id=20487 expect=0x37 got=0x41
    id=20503 expect=0x47 got=0x41
[!] byte=0x49 mutated=2
    id=20487 expect=0x37 got=0x41
    id=20503 expect=0x47 got=0x41
[!] byte=0x4a mutated=2
    id=20487 expect=0x37 got=0x41
    id=20503 expect=0x47 got=0x41
[!] byte=0x4b mutated=2
    id=20487 expect=0x37 got=0x41
    id=20503 expect=0x47 got=0x41
[!] byte=0x4c mutated=2
    id=20487 expect=0x37 got=0x41
    id=20503 expect=0x47 got=0x41
[!] byte=0x4d mutated=2
    id=20487 expect=0x37 got=0x41
    id=20503 expect=0x47 got=0x41
[!] byte=0x4e mutated=2
    id=20487 expect=0x37 got=0x41
    id=20503 expect=0x47 got=0x41
[!] byte=0x4f mutated=2
    id=20487 expect=0x37 got=0x41
    id=20503 expect=0x47 got=0x41
[!] byte=0x50 mutated=2
    id=20487 expect=0x37 got=0x41
    id=20503 expect=0x47 got=0x41
[!] byte=0x51 mutated=2
    id=20487 expect=0x37 got=0x41
    id=20503 expect=0x47 got=0x41
[!] byte=0x52 mutated=2
    id=20487 expect=0x37 got=0x41
    id=20503 expect=0x47 got=0x41
[!] byte=0x53 mutated=2
    id=20487 expect=0x37 got=0x41
    id=20503 expect=0x47 got=0x41
[!] byte=0x54 mutated=2
    id=20487 expect=0x37 got=0x41
    id=20503 expect=0x47 got=0x41
[!] byte=0x55 mutated=2
    id=20487 expect=0x37 got=0x41
    id=20503 expect=0x47 got=0x41
[!] byte=0x56 mutated=2
    id=20487 expect=0x37 got=0x41
    id=20503 expect=0x47 got=0x41
[!] byte=0x57 mutated=2
    id=20487 expect=0x37 got=0x41
    id=20503 expect=0x47 got=0x41
[!] byte=0x58 mutated=2
    id=20487 expect=0x37 got=0x41
    id=20503 expect=0x47 got=0x41
[!] byte=0x59 mutated=2
    id=20487 expect=0x37 got=0x41
    id=20503 expect=0x47 got=0x41
[!] byte=0x5a mutated=2
    id=20487 expect=0x37 got=0x41
    id=20503 expect=0x47 got=0x41
[!] byte=0x5b mutated=2
    id=20487 expect=0x37 got=0x41
    id=20503 expect=0x47 got=0x41
[!] byte=0x5c mutated=2
    id=20487 expect=0x37 got=0x41
    id=20503 expect=0x47 got=0x41
[!] byte=0x5d mutated=2
    id=20487 expect=0x37 got=0x41
    id=20503 expect=0x47 got=0x41
[!] byte=0x5e mutated=2
    id=20487 expect=0x37 got=0x41
    id=20503 expect=0x47 got=0x41
[!] byte=0x5f mutated=2
    id=20487 expect=0x37 got=0x41
    id=20503 expect=0x47 got=0x41
[!] byte=0x60 mutated=2
    id=20487 expect=0x37 got=0x41
    id=20503 expect=0x47 got=0x41
[!] byte=0x61 mutated=2
    id=20487 expect=0x37 got=0x41
    id=20503 expect=0x47 got=0x41
[!] byte=0x62 mutated=2
    id=20487 expect=0x37 got=0x41
    id=20503 expect=0x47 got=0x41
[!] byte=0x63 mutated=2
    id=20487 expect=0x37 got=0x41
    id=20503 expect=0x47 got=0x41
[!] byte=0x64 mutated=2
    id=20487 expect=0x37 got=0x41
    id=20503 expect=0x47 got=0x41
[!] byte=0x65 mutated=2
    id=20487 expect=0x37 got=0x41
    id=20503 expect=0x47 got=0x41
[!] byte=0x66 mutated=2
    id=20487 expect=0x37 got=0x41
    id=20503 expect=0x47 got=0x41
[!] byte=0x67 mutated=2
    id=20487 expect=0x37 got=0x41
    id=20503 expect=0x47 got=0x41
[!] byte=0x68 mutated=2
    id=20487 expect=0x37 got=0x41
    id=20503 expect=0x47 got=0x41
[!] byte=0x69 mutated=2
    id=20487 expect=0x37 got=0x41
    id=20503 expect=0x47 got=0x41
[!] byte=0x6a mutated=2
    id=20487 expect=0x37 got=0x41
    id=20503 expect=0x47 got=0x41
[!] byte=0x6b mutated=2
    id=20487 expect=0x37 got=0x41
    id=20503 expect=0x47 got=0x41
[!] byte=0x6c mutated=2
    id=20487 expect=0x37 got=0x41
    id=20503 expect=0x47 got=0x41
[!] byte=0x6d mutated=2
    id=20487 expect=0x37 got=0x41
    id=20503 expect=0x47 got=0x41
[!] byte=0x6e mutated=2
    id=20487 expect=0x37 got=0x41
    id=20503 expect=0x47 got=0x41
[!] byte=0x6f mutated=2
    id=20487 expect=0x37 got=0x41
    id=20503 expect=0x47 got=0x41
[!] byte=0x70 mutated=2
    id=20487 expect=0x37 got=0x41
    id=20503 expect=0x47 got=0x41
[!] byte=0x71 mutated=2
    id=20487 expect=0x37 got=0x41
    id=20503 expect=0x47 got=0x41
[!] byte=0x72 mutated=2
    id=20487 expect=0x37 got=0x41
    id=20503 expect=0x47 got=0x41
[!] byte=0x73 mutated=2
    id=20487 expect=0x37 got=0x41
    id=20503 expect=0x47 got=0x41
[!] byte=0x74 mutated=2
    id=20487 expect=0x37 got=0x41
    id=20503 expect=0x47 got=0x41
[!] byte=0x75 mutated=2
    id=20487 expect=0x37 got=0x41
    id=20503 expect=0x47 got=0x41
[!] byte=0x76 mutated=2
    id=20487 expect=0x37 got=0x41
    id=20503 expect=0x47 got=0x41
[!] byte=0x77 mutated=2
    id=20487 expect=0x37 got=0x41
    id=20503 expect=0x47 got=0x41
[!] byte=0x78 mutated=2
    id=20487 expect=0x37 got=0x41
    id=20503 expect=0x47 got=0x41
[!] byte=0x79 mutated=2
    id=20487 expect=0x37 got=0x41
    id=20503 expect=0x47 got=0x41
[!] byte=0x7a mutated=2
    id=20487 expect=0x37 got=0x41
    id=20503 expect=0x47 got=0x41
[!] byte=0x7b mutated=2
    id=20487 expect=0x37 got=0x41
    id=20503 expect=0x47 got=0x41
[!] byte=0x7c mutated=2
    id=20487 expect=0x37 got=0x41
    id=20503 expect=0x47 got=0x41
[!] byte=0x7d mutated=2
    id=20487 expect=0x37 got=0x41
    id=20503 expect=0x47 got=0x41
[!] byte=0x7e mutated=2
    id=20487 expect=0x37 got=0x41
    id=20503 expect=0x47 got=0x41
[!] byte=0x7f mutated=2
    id=20487 expect=0x37 got=0x41
    id=20503 expect=0x47 got=0x41
[!] byte=0x80 mutated=2
    id=20487 expect=0x37 got=0x41
    id=20503 expect=0x47 got=0x41
[!] byte=0x81 mutated=2
    id=20487 expect=0x37 got=0x41
    id=20503 expect=0x47 got=0x41
[!] byte=0x82 mutated=2
    id=20487 expect=0x37 got=0x41
    id=20503 expect=0x47 got=0x41
[!] byte=0x83 mutated=2
    id=20487 expect=0x37 got=0x41
    id=20503 expect=0x47 got=0x41
[!] byte=0x84 mutated=2
    id=20487 expect=0x37 got=0x41
    id=20503 expect=0x47 got=0x41
[!] byte=0x85 mutated=2
    id=20487 expect=0x37 got=0x41
    id=20503 expect=0x47 got=0x41
[!] byte=0x86 mutated=2
    id=20487 expect=0x37 got=0x41
    id=20503 expect=0x47 got=0x41
[!] byte=0x87 mutated=2
    id=20487 expect=0x37 got=0x41
    id=20503 expect=0x47 got=0x41
[!] byte=0x88 mutated=2
    id=20487 expect=0x37 got=0x41
    id=20503 expect=0x47 got=0x41
[!] byte=0x89 mutated=2
    id=20487 expect=0x37 got=0x41
    id=20503 expect=0x47 got=0x41
[!] byte=0x8a mutated=2
    id=20487 expect=0x37 got=0x41
    id=20503 expect=0x47 got=0x41
[!] byte=0x8b mutated=2
    id=20487 expect=0x37 got=0x41
    id=20503 expect=0x47 got=0x41
[!] byte=0x8c mutated=2
    id=20487 expect=0x37 got=0x41
    id=20503 expect=0x47 got=0x41
[!] byte=0x8d mutated=2
    id=20487 expect=0x37 got=0x41
    id=20503 expect=0x47 got=0x41
[!] byte=0x8e mutated=2
    id=20487 expect=0x37 got=0x41
    id=20503 expect=0x47 got=0x41
[!] byte=0x8f mutated=2
    id=20487 expect=0x37 got=0x41
    id=20503 expect=0x47 got=0x41
[!] byte=0x90 mutated=2
    id=20487 expect=0x37 got=0x41
    id=20503 expect=0x47 got=0x41
[!] byte=0x91 mutated=2
    id=20487 expect=0x37 got=0x41
    id=20503 expect=0x47 got=0x41
[!] byte=0x92 mutated=2
    id=20487 expect=0x37 got=0x41
    id=20503 expect=0x47 got=0x41
[!] byte=0x93 mutated=2
    id=20487 expect=0x37 got=0x41
    id=20503 expect=0x47 got=0x41
[!] byte=0x94 mutated=2
    id=20487 expect=0x37 got=0x41
    id=20503 expect=0x47 got=0x41
[!] byte=0x95 mutated=2
    id=20487 expect=0x37 got=0x41
    id=20503 expect=0x47 got=0x41
[!] byte=0x96 mutated=2
    id=20487 expect=0x37 got=0x41
    id=20503 expect=0x47 got=0x41
[!] byte=0x97 mutated=2
    id=20487 expect=0x37 got=0x41
    id=20503 expect=0x47 got=0x41
[!] byte=0x98 mutated=2
    id=20487 expect=0x37 got=0x41
    id=20503 expect=0x47 got=0x41
[!] byte=0x99 mutated=2
    id=20487 expect=0x37 got=0x41
    id=20503 expect=0x47 got=0x41
[!] byte=0x9a mutated=2
    id=20487 expect=0x37 got=0x41
    id=20503 expect=0x47 got=0x41
[!] byte=0x9b mutated=2
    id=20487 expect=0x37 got=0x41
    id=20503 expect=0x47 got=0x41
[!] byte=0x9c mutated=2
    id=20487 expect=0x37 got=0x41
    id=20503 expect=0x47 got=0x41
[!] byte=0x9d mutated=2
    id=20487 expect=0x37 got=0x41
    id=20503 expect=0x47 got=0x41
[!] byte=0x9e mutated=2
    id=20487 expect=0x37 got=0x41
    id=20503 expect=0x47 got=0x41
[!] byte=0x9f mutated=2
    id=20487 expect=0x37 got=0x41
    id=20503 expect=0x47 got=0x41
[!] byte=0xa0 mutated=2
    id=20487 expect=0x37 got=0x41
    id=20503 expect=0x47 got=0x41
[!] byte=0xa1 mutated=2
    id=20487 expect=0x37 got=0x41
    id=20503 expect=0x47 got=0x41
[!] byte=0xa2 mutated=2
    id=20487 expect=0x37 got=0x41
    id=20503 expect=0x47 got=0x41
[!] byte=0xa3 mutated=2
    id=20487 expect=0x37 got=0x41
    id=20503 expect=0x47 got=0x41
[!] byte=0xa4 mutated=2
    id=20487 expect=0x37 got=0x41
    id=20503 expect=0x47 got=0x41
[!] byte=0xa5 mutated=2
    id=20487 expect=0x37 got=0x41
    id=20503 expect=0x47 got=0x41
[!] byte=0xa6 mutated=2
    id=20487 expect=0x37 got=0x41
    id=20503 expect=0x47 got=0x41
[!] byte=0xa7 mutated=2
    id=20487 expect=0x37 got=0x41
    id=20503 expect=0x47 got=0x41
[!] byte=0xa8 mutated=2
    id=20487 expect=0x37 got=0x41
    id=20503 expect=0x47 got=0x41
[!] byte=0xa9 mutated=2
    id=20487 expect=0x37 got=0x41
    id=20503 expect=0x47 got=0x41
[!] byte=0xaa mutated=2
    id=20487 expect=0x37 got=0x41
    id=20503 expect=0x47 got=0x41
[!] byte=0xab mutated=2
    id=20487 expect=0x37 got=0x41
    id=20503 expect=0x47 got=0x41
[!] byte=0xac mutated=2
    id=20487 expect=0x37 got=0x41
    id=20503 expect=0x47 got=0x41
[!] byte=0xad mutated=2
    id=20487 expect=0x37 got=0x41
    id=20503 expect=0x47 got=0x41
[!] byte=0xae mutated=2
    id=20487 expect=0x37 got=0x41
    id=20503 expect=0x47 got=0x41
[!] byte=0xaf mutated=2
    id=20487 expect=0x37 got=0x41
    id=20503 expect=0x47 got=0x41
[!] byte=0xb0 mutated=2
    id=20487 expect=0x37 got=0x41
    id=20503 expect=0x47 got=0x41
[!] byte=0xb1 mutated=2
    id=20487 expect=0x37 got=0x41
    id=20503 expect=0x47 got=0x41
[!] byte=0xb2 mutated=2
    id=20487 expect=0x37 got=0x41
    id=20503 expect=0x47 got=0x41
[!] byte=0xb3 mutated=2
    id=20487 expect=0x37 got=0x41
    id=20503 expect=0x47 got=0x41
[!] byte=0xb4 mutated=2
    id=20487 expect=0x37 got=0x41
    id=20503 expect=0x47 got=0x41
[!] byte=0xb5 mutated=2
    id=20487 expect=0x37 got=0x41
    id=20503 expect=0x47 got=0x41
[!] byte=0xb6 mutated=2
    id=20487 expect=0x37 got=0x41
    id=20503 expect=0x47 got=0x41
[!] byte=0xb7 mutated=2
    id=20487 expect=0x37 got=0x41
    id=20503 expect=0x47 got=0x41
[!] byte=0xb8 mutated=2
    id=20487 expect=0x37 got=0x41
    id=20503 expect=0x47 got=0x41
[!] byte=0xb9 mutated=2
    id=20487 expect=0x37 got=0x41
    id=20503 expect=0x47 got=0x41
[!] byte=0xba mutated=2
    id=20487 expect=0x37 got=0x41
    id=20503 expect=0x47 got=0x41
[!] byte=0xbb mutated=2
    id=20487 expect=0x37 got=0x41
    id=20503 expect=0x47 got=0x41
[!] byte=0xbc mutated=2
    id=20487 expect=0x37 got=0x41
    id=20503 expect=0x47 got=0x41
[!] byte=0xbd mutated=2
    id=20487 expect=0x37 got=0x41
    id=20503 expect=0x47 got=0x41
[!] byte=0xbe mutated=2
    id=20487 expect=0x37 got=0x41
    id=20503 expect=0x47 got=0x41
[!] byte=0xbf mutated=2
    id=20487 expect=0x37 got=0x41
    id=20503 expect=0x47 got=0x41
[!] byte=0xc0 mutated=2
    id=20487 expect=0x37 got=0x41
    id=20503 expect=0x47 got=0x41
[!] byte=0xc1 mutated=2
    id=20487 expect=0x37 got=0x41
    id=20503 expect=0x47 got=0x41
[!] byte=0xc2 mutated=2
    id=20487 expect=0x37 got=0x41
    id=20503 expect=0x47 got=0x41
[!] byte=0xc3 mutated=2
    id=20487 expect=0x37 got=0x41
    id=20503 expect=0x47 got=0x41
[!] byte=0xc4 mutated=2
    id=20487 expect=0x37 got=0x41
    id=20503 expect=0x47 got=0x41
[!] byte=0xc5 mutated=2
    id=20487 expect=0x37 got=0x41
    id=20503 expect=0x47 got=0x41
[!] byte=0xc6 mutated=2
    id=20487 expect=0x37 got=0x41
    id=20503 expect=0x47 got=0x41
[!] byte=0xc7 mutated=2
    id=20487 expect=0x37 got=0x41
    id=20503 expect=0x47 got=0x41
[!] byte=0xc8 mutated=2
    id=20487 expect=0x37 got=0x41
    id=20503 expect=0x47 got=0x41
[!] byte=0xc9 mutated=2
    id=20487 expect=0x37 got=0x41
    id=20503 expect=0x47 got=0x41
[!] byte=0xca mutated=2
    id=20487 expect=0x37 got=0x41
    id=20503 expect=0x47 got=0x41
[!] byte=0xcb mutated=2
    id=20487 expect=0x37 got=0x41
    id=20503 expect=0x47 got=0x41
[!] byte=0xcc mutated=2
    id=20487 expect=0x37 got=0x41
    id=20503 expect=0x47 got=0x41
[!] byte=0xcd mutated=2
    id=20487 expect=0x37 got=0x41
    id=20503 expect=0x47 got=0x41
[!] byte=0xce mutated=2
    id=20487 expect=0x37 got=0x41
    id=20503 expect=0x47 got=0x41
[!] byte=0xcf mutated=2
    id=20487 expect=0x37 got=0x41
    id=20503 expect=0x47 got=0x41
[!] byte=0xd0 mutated=2
    id=20487 expect=0x37 got=0x41
    id=20503 expect=0x47 got=0x41
[!] byte=0xd1 mutated=2
    id=20487 expect=0x37 got=0x41
    id=20503 expect=0x47 got=0x41
[!] byte=0xd2 mutated=2
    id=20487 expect=0x37 got=0x41
    id=20503 expect=0x47 got=0x41
[!] byte=0xd3 mutated=2
    id=20487 expect=0x37 got=0x41
    id=20503 expect=0x47 got=0x41
[!] byte=0xd4 mutated=2
    id=20487 expect=0x37 got=0x41
    id=20503 expect=0x47 got=0x41
[!] byte=0xd5 mutated=2
    id=20487 expect=0x37 got=0x41
    id=20503 expect=0x47 got=0x41
[!] byte=0xd6 mutated=2
    id=20487 expect=0x37 got=0x41
    id=20503 expect=0x47 got=0x41
[!] byte=0xd7 mutated=2
    id=20487 expect=0x37 got=0x41
    id=20503 expect=0x47 got=0x41
[!] byte=0xd8 mutated=2
    id=20487 expect=0x37 got=0x41
    id=20503 expect=0x47 got=0x41
[!] byte=0xd9 mutated=2
    id=20487 expect=0x37 got=0x41
    id=20503 expect=0x47 got=0x41
[!] byte=0xda mutated=2
    id=20487 expect=0x37 got=0x41
    id=20503 expect=0x47 got=0x41
[!] byte=0xdb mutated=2
    id=20487 expect=0x37 got=0x41
    id=20503 expect=0x47 got=0x41
[!] byte=0xdc mutated=2
    id=20487 expect=0x37 got=0x41
    id=20503 expect=0x47 got=0x41
[!] byte=0xdd mutated=2
    id=20487 expect=0x37 got=0x41
    id=20503 expect=0x47 got=0x41
[!] byte=0xde mutated=2
    id=20487 expect=0x37 got=0x41
    id=20503 expect=0x47 got=0x41
[!] byte=0xdf mutated=2
    id=20487 expect=0x37 got=0x41
    id=20503 expect=0x47 got=0x41
[!] byte=0xe0 mutated=2
    id=20487 expect=0x37 got=0x41
    id=20503 expect=0x47 got=0x41
[!] byte=0xe1 mutated=2
    id=20487 expect=0x37 got=0x41
    id=20503 expect=0x47 got=0x41
[!] byte=0xe2 mutated=2
    id=20487 expect=0x37 got=0x41
    id=20503 expect=0x47 got=0x41
[!] byte=0xe3 mutated=2
    id=20487 expect=0x37 got=0x41
    id=20503 expect=0x47 got=0x41
[!] byte=0xe4 mutated=2
    id=20487 expect=0x37 got=0x41
    id=20503 expect=0x47 got=0x41
[!] byte=0xe5 mutated=2
    id=20487 expect=0x37 got=0x41
    id=20503 expect=0x47 got=0x41
[!] byte=0xe6 mutated=2
    id=20487 expect=0x37 got=0x41
    id=20503 expect=0x47 got=0x41
[!] byte=0xe7 mutated=2
    id=20487 expect=0x37 got=0x41
    id=20503 expect=0x47 got=0x41
[!] byte=0xe8 mutated=2
    id=20487 expect=0x37 got=0x41
    id=20503 expect=0x47 got=0x41
[!] byte=0xe9 mutated=2
    id=20487 expect=0x37 got=0x41
    id=20503 expect=0x47 got=0x41
[!] byte=0xea mutated=2
    id=20487 expect=0x37 got=0x41
    id=20503 expect=0x47 got=0x41
[!] byte=0xeb mutated=2
    id=20487 expect=0x37 got=0x41
    id=20503 expect=0x47 got=0x41
[!] byte=0xec mutated=2
    id=20487 expect=0x37 got=0x41
    id=20503 expect=0x47 got=0x41
[!] byte=0xed mutated=2
    id=20487 expect=0x37 got=0x41
    id=20503 expect=0x47 got=0x41
[!] byte=0xee mutated=2
    id=20487 expect=0x37 got=0x41
    id=20503 expect=0x47 got=0x41
[!] byte=0xef mutated=2
    id=20487 expect=0x37 got=0x41
    id=20503 expect=0x47 got=0x41
[!] byte=0xf0 mutated=2
    id=20487 expect=0x37 got=0x41
    id=20503 expect=0x47 got=0x41
[!] byte=0xf1 mutated=2
    id=20487 expect=0x37 got=0x41
    id=20503 expect=0x47 got=0x41
[!] byte=0xf2 mutated=2
    id=20487 expect=0x37 got=0x41
    id=20503 expect=0x47 got=0x41
[!] byte=0xf3 mutated=2
    id=20487 expect=0x37 got=0x41
    id=20503 expect=0x47 got=0x41
[!] byte=0xf4 mutated=2
    id=20487 expect=0x37 got=0x41
    id=20503 expect=0x47 got=0x41
[!] byte=0xf5 mutated=2
    id=20487 expect=0x37 got=0x41
    id=20503 expect=0x47 got=0x41
[!] byte=0xf6 mutated=2
    id=20487 expect=0x37 got=0x41
    id=20503 expect=0x47 got=0x41
[!] byte=0xf7 mutated=2
    id=20487 expect=0x37 got=0x41
    id=20503 expect=0x47 got=0x41
[!] byte=0xf8 mutated=2
    id=20487 expect=0x37 got=0x41
    id=20503 expect=0x47 got=0x41
[!] byte=0xf9 mutated=2
    id=20487 expect=0x37 got=0x41
    id=20503 expect=0x47 got=0x41
[!] byte=0xfa mutated=2
    id=20487 expect=0x37 got=0x41
    id=20503 expect=0x47 got=0x41
[!] byte=0xfb mutated=2
    id=20487 expect=0x37 got=0x41
    id=20503 expect=0x47 got=0x41
[!] byte=0xfc mutated=2
    id=20487 expect=0x37 got=0x41
    id=20503 expect=0x47 got=0x41
[!] byte=0xfd mutated=2
    id=20487 expect=0x37 got=0x41
    id=20503 expect=0x47 got=0x41
[!] byte=0xfe mutated=2
    id=20487 expect=0x37 got=0x41
    id=20503 expect=0x47 got=0x41
[!] byte=0xff mutated=2
[+] done. mutating bytes found: 256
~ $ exit
[    5.773531] reboot: Power down
