c[?7l[2J[0mSeaBIOS (version rel-1.17.0-0-gb52ca86e094d-prebuilt.qemu.org)


iPXE (http://ipxe.org) 00:03.0 CA00 PCI2.10 PnP PMM+3EFD1C90+3EF31C90 CA00
Press Ctrl-B to configure iPXE (PCI 00:03.0)...                                                                               


Booting from ROM..c[?7l[2JSaving 256 bits of non-creditable seed for next boot
Starting syslogd: OK
Starting klogd: OK
Running sysctl: OK
Starting network: OK
Starting crond: OK

-----------------------------

Welcome to Student Feedback
-----------------------------

~ $ /bin/feedback_selfhit
[+] probing create/delete stability for size=0x40 overflow bytes
.. b=0x00 ok
.. b=0x20 ok
.. b=0x40 ok
.. b=0x60 ok
.. b=0x80 ok
.. b=0xa0 ok
.. b=0xc0 ok
.. b=0xe0 ok
[+] done
~ $ exit
[    5.664439] reboot: Power down
